\BOOKMARK [0][-]{chapter.1}{\376\377\0001\000\040\000I\000n\000d\000e\000k\000s\000\040\000p\000r\000z\000e\000s\000t\000r\000z\000e\000n\000i\000\040\000n\000a\000z\000w}{}% 1
\BOOKMARK [1][-]{section.1.1}{\376\377\0001\000.\0001\000\040\000L\000i\000s\000t\000a\000\040\000p\000a\000k\000i\000e\000t\000\363\000w}{chapter.1}% 2
\BOOKMARK [0][-]{chapter.2}{\376\377\0002\000\040\000I\000n\000d\000e\000k\000s\000\040\000h\000i\000e\000r\000a\000r\000c\000h\000i\000c\000z\000n\000y}{}% 3
\BOOKMARK [1][-]{section.2.1}{\376\377\0002\000.\0001\000\040\000H\000i\000e\000r\000a\000r\000c\000h\000i\000a\000\040\000k\000l\000a\000s}{chapter.2}% 4
\BOOKMARK [0][-]{chapter.3}{\376\377\0003\000\040\000I\000n\000d\000e\000k\000s\000\040\000k\000l\000a\000s}{}% 5
\BOOKMARK [1][-]{section.3.1}{\376\377\0003\000.\0001\000\040\000L\000i\000s\000t\000a\000\040\000k\000l\000a\000s}{chapter.3}% 6
\BOOKMARK [0][-]{chapter.4}{\376\377\0004\000\040\000I\000n\000d\000e\000k\000s\000\040\000p\000l\000i\000k\000\363\000w}{}% 7
\BOOKMARK [1][-]{section.4.1}{\376\377\0004\000.\0001\000\040\000L\000i\000s\000t\000a\000\040\000p\000l\000i\000k\000\363\000w}{chapter.4}% 8
\BOOKMARK [0][-]{chapter.5}{\376\377\0005\000\040\000D\000o\000k\000u\000m\000e\000n\000t\000a\000c\000j\000a\000\040\000p\000r\000z\000e\000s\000t\000r\000z\000e\000n\000i\000\040\000n\000a\000z\000w}{}% 9
\BOOKMARK [1][-]{section.5.1}{\376\377\0005\000.\0001\000\040\000P\000a\000k\000i\000e\000t\000\040\000p\000r\000o\000j\000.\000s\000e\000l\000e\000k\000c\000j\000a\000n\000a\000t\000u\000r}{chapter.5}% 10
\BOOKMARK [0][-]{chapter.6}{\376\377\0006\000\040\000D\000o\000k\000u\000m\000e\000n\000t\000a\000c\000j\000a\000\040\000k\000l\000a\000s}{}% 11
\BOOKMARK [1][-]{section.6.1}{\376\377\0006\000.\0001\000\040\000D\000o\000k\000u\000m\000e\000n\000t\000a\000c\000j\000a\000\040\000k\000l\000a\000s\000y\000\040\000p\000r\000o\000j\000.\000s\000e\000l\000e\000k\000c\000j\000a\000n\000a\000t\000u\000r\000.\000A\000p\000p}{chapter.6}% 12
\BOOKMARK [2][-]{subsection.6.1.1}{\376\377\0006\000.\0001\000.\0001\000\040\000O\000p\000i\000s\000\040\000s\000z\000c\000z\000e\000g\000\363\001\102\000o\000w\000y}{section.6.1}% 13
\BOOKMARK [2][-]{subsection.6.1.2}{\376\377\0006\000.\0001\000.\0002\000\040\000D\000o\000k\000u\000m\000e\000n\000t\000a\000c\000j\000a\000\040\000f\000u\000n\000k\000c\000j\000i\000\040\000s\000k\001\102\000a\000d\000o\000w\000y\000c\000h}{section.6.1}% 14
\BOOKMARK [3][-]{subsubsection.6.1.2.1}{\376\377\0006\000.\0001\000.\0002\000.\0001\000\040\000m\000a\000i\000n\000\050\000\051}{subsection.6.1.2}% 15
\BOOKMARK [3][-]{subsubsection.6.1.2.2}{\376\377\0006\000.\0001\000.\0002\000.\0002\000\040\000s\000t\000a\000r\000t\000\050\000\051}{subsection.6.1.2}% 16
\BOOKMARK [2][-]{subsection.6.1.3}{\376\377\0006\000.\0001\000.\0003\000\040\000D\000o\000k\000u\000m\000e\000n\000t\000a\000c\000j\000a\000\040\000a\000t\000r\000y\000b\000u\000t\000\363\000w\000\040\000s\000k\001\102\000a\000d\000o\000w\000y\000c\000h}{section.6.1}% 17
\BOOKMARK [3][-]{subsubsection.6.1.3.1}{\376\377\0006\000.\0001\000.\0003\000.\0001\000\040\000r\000a\000n\000d\000o\000m}{subsection.6.1.3}% 18
\BOOKMARK [1][-]{section.6.2}{\376\377\0006\000.\0002\000\040\000D\000o\000k\000u\000m\000e\000n\000t\000a\000c\000j\000a\000\040\000k\000l\000a\000s\000y\000\040\000p\000r\000o\000j\000.\000s\000e\000l\000e\000k\000c\000j\000a\000n\000a\000t\000u\000r\000.\000A\000p\000p\000C\000o\000n\000t\000r\000o\000l\000l\000e\000r}{chapter.6}% 19
\BOOKMARK [2][-]{subsection.6.2.1}{\376\377\0006\000.\0002\000.\0001\000\040\000O\000p\000i\000s\000\040\000s\000z\000c\000z\000e\000g\000\363\001\102\000o\000w\000y}{section.6.2}% 20
\BOOKMARK [2][-]{subsection.6.2.2}{\376\377\0006\000.\0002\000.\0002\000\040\000D\000o\000k\000u\000m\000e\000n\000t\000a\000c\000j\000a\000\040\000f\000u\000n\000k\000c\000j\000i\000\040\000s\000k\001\102\000a\000d\000o\000w\000y\000c\000h}{section.6.2}% 21
\BOOKMARK [3][-]{subsubsection.6.2.2.1}{\376\377\0006\000.\0002\000.\0002\000.\0001\000\040\000i\000n\000i\000t\000i\000a\000l\000i\000z\000e\000\050\000\051}{subsection.6.2.2}% 22
\BOOKMARK [3][-]{subsubsection.6.2.2.2}{\376\377\0006\000.\0002\000.\0002\000.\0002\000\040\000p\000o\000k\000a\000z\000O\000k\000n\000o\000Z\000a\000k\000o\000n\000c\000z\000e\000n\000i\000a\000\050\000\051}{subsection.6.2.2}% 23
\BOOKMARK [3][-]{subsubsection.6.2.2.3}{\376\377\0006\000.\0002\000.\0002\000.\0003\000\040\000r\000y\000s\000u\000j\000P\000l\000a\000n\000s\000z\000e\000\050\000\051}{subsection.6.2.2}% 24
\BOOKMARK [3][-]{subsubsection.6.2.2.4}{\376\377\0006\000.\0002\000.\0002\000.\0004\000\040\000t\000o\000g\000g\000l\000e\000P\000a\000u\000s\000e\000\050\000\051}{subsection.6.2.2}% 25
\BOOKMARK [2][-]{subsection.6.2.3}{\376\377\0006\000.\0002\000.\0003\000\040\000D\000o\000k\000u\000m\000e\000n\000t\000a\000c\000j\000a\000\040\000a\000t\000r\000y\000b\000u\000t\000\363\000w\000\040\000s\000k\001\102\000a\000d\000o\000w\000y\000c\000h}{section.6.2}% 26
\BOOKMARK [3][-]{subsubsection.6.2.3.1}{\376\377\0006\000.\0002\000.\0003\000.\0001\000\040\000g\000r\000i\000d}{subsection.6.2.3}% 27
\BOOKMARK [3][-]{subsubsection.6.2.3.2}{\376\377\0006\000.\0002\000.\0003\000.\0002\000\040\000K\000O\000L\000U\000M\000N\000Y}{subsection.6.2.3}% 28
\BOOKMARK [3][-]{subsubsection.6.2.3.3}{\376\377\0006\000.\0002\000.\0003\000.\0003\000\040\000k\000o\000m\000o\000r\000k\000i}{subsection.6.2.3}% 29
\BOOKMARK [3][-]{subsubsection.6.2.3.4}{\376\377\0006\000.\0002\000.\0003\000.\0004\000\040\000p\000a\000u\000s\000e\000B\000u\000t\000t\000o\000n}{subsection.6.2.3}% 30
\BOOKMARK [3][-]{subsubsection.6.2.3.5}{\376\377\0006\000.\0002\000.\0003\000.\0005\000\040\000p\000a\000u\000z\000a}{subsection.6.2.3}% 31
\BOOKMARK [3][-]{subsubsection.6.2.3.6}{\376\377\0006\000.\0002\000.\0003\000.\0006\000\040\000P\000L\000I\000K}{subsection.6.2.3}% 32
\BOOKMARK [3][-]{subsubsection.6.2.3.7}{\376\377\0006\000.\0002\000.\0003\000.\0007\000\040\000s\000y\000m\000u\000l\000a\000c\000j\000a}{subsection.6.2.3}% 33
\BOOKMARK [3][-]{subsubsection.6.2.3.8}{\376\377\0006\000.\0002\000.\0003\000.\0008\000\040\000t\000i\000m\000e\000l\000i\000n\000e}{subsection.6.2.3}% 34
\BOOKMARK [3][-]{subsubsection.6.2.3.9}{\376\377\0006\000.\0002\000.\0003\000.\0009\000\040\000W\000I\000E\000R\000S\000Z\000E}{subsection.6.2.3}% 35
\BOOKMARK [1][-]{section.6.3}{\376\377\0006\000.\0003\000\040\000D\000o\000k\000u\000m\000e\000n\000t\000a\000c\000j\000a\000\040\000k\000l\000a\000s\000y\000\040\000p\000r\000o\000j\000.\000s\000e\000l\000e\000k\000c\000j\000a\000n\000a\000t\000u\000r\000.\000C\000z\000l\000o\000w\000i\000e\000k}{chapter.6}% 36
\BOOKMARK [2][-]{subsection.6.3.1}{\376\377\0006\000.\0003\000.\0001\000\040\000O\000p\000i\000s\000\040\000s\000z\000c\000z\000e\000g\000\363\001\102\000o\000w\000y}{section.6.3}% 37
\BOOKMARK [2][-]{subsection.6.3.2}{\376\377\0006\000.\0003\000.\0002\000\040\000D\000o\000k\000u\000m\000e\000n\000t\000a\000c\000j\000a\000\040\000k\000o\000n\000s\000t\000r\000u\000k\000t\000o\000r\000a\000\040\000i\000\040\000d\000e\000s\000t\000r\000u\000k\000t\000o\000r\000a}{section.6.3}% 38
\BOOKMARK [3][-]{subsubsection.6.3.2.1}{\376\377\0006\000.\0003\000.\0002\000.\0001\000\040\000C\000z\000l\000o\000w\000i\000e\000k\000\050\000\051}{subsection.6.3.2}% 39
\BOOKMARK [2][-]{subsection.6.3.3}{\376\377\0006\000.\0003\000.\0003\000\040\000D\000o\000k\000u\000m\000e\000n\000t\000a\000c\000j\000a\000\040\000f\000u\000n\000k\000c\000j\000i\000\040\000s\000k\001\102\000a\000d\000o\000w\000y\000c\000h}{section.6.3}% 40
\BOOKMARK [3][-]{subsubsection.6.3.3.1}{\376\377\0006\000.\0003\000.\0003\000.\0001\000\040\000a\000k\000t\000u\000a\000l\000i\000z\000u\000j\000\050\000\051}{subsection.6.3.3}% 41
\BOOKMARK [3][-]{subsubsection.6.3.3.2}{\376\377\0006\000.\0003\000.\0003\000.\0002\000\040\000c\000z\000y\000M\000e\000z\000c\000z\000y\000z\000n\000a\000\050\000\051}{subsection.6.3.3}% 42
\BOOKMARK [3][-]{subsubsection.6.3.3.3}{\376\377\0006\000.\0003\000.\0003\000.\0003\000\040\000c\000z\000y\000U\000m\000i\000e\000r\000a\000Z\000e\000S\000t\000a\000r\000o\000s\000c\000i\000\050\000\051}{subsection.6.3.3}% 43
\BOOKMARK [3][-]{subsubsection.6.3.3.4}{\376\377\0006\000.\0003\000.\0003\000.\0004\000\040\000j\000e\000s\000t\000D\000z\000i\000e\000c\000k\000i\000e\000m\000\050\000\051}{subsection.6.3.3}% 44
\BOOKMARK [3][-]{subsubsection.6.3.3.5}{\376\377\0006\000.\0003\000.\0003\000.\0005\000\040\000m\000o\000z\000e\000R\000o\000z\000m\000n\000a\000z\000a\000c\000\050\000\051}{subsection.6.3.3}% 45
\BOOKMARK [3][-]{subsubsection.6.3.3.6}{\376\377\0006\000.\0003\000.\0003\000.\0006\000\040\000p\000o\000w\000i\000n\000n\000i\000e\000n\000S\000i\000e\000R\000u\000s\000z\000y\000c\000\050\000\051}{subsection.6.3.3}% 46
\BOOKMARK [3][-]{subsubsection.6.3.3.7}{\376\377\0006\000.\0003\000.\0003\000.\0007\000\040\000p\000r\000e\000d\000k\000o\000s\000c\000\050\000\051}{subsection.6.3.3}% 47
\BOOKMARK [3][-]{subsubsection.6.3.3.8}{\376\377\0006\000.\0003\000.\0003\000.\0008\000\040\000r\000o\000z\000m\000n\000a\000z\000a\000j\000Z\000\050\000\051}{subsection.6.3.3}% 48
\BOOKMARK [3][-]{subsubsection.6.3.3.9}{\376\377\0006\000.\0003\000.\0003\000.\0009\000\040\000t\000o\000S\000t\000r\000i\000n\000g\000\050\000\051}{subsection.6.3.3}% 49
\BOOKMARK [3][-]{subsubsection.6.3.3.10}{\376\377\0006\000.\0003\000.\0003\000.\0001\0000\000\040\000z\000a\000s\000i\000e\000g\000W\000z\000r\000o\000k\000u\000\050\000\051}{subsection.6.3.3}% 50
\BOOKMARK [3][-]{subsubsection.6.3.3.11}{\376\377\0006\000.\0003\000.\0003\000.\0001\0001\000\040\000z\000j\000e\000d\000z\000\050\000\051}{subsection.6.3.3}% 51
\BOOKMARK [3][-]{subsubsection.6.3.3.12}{\376\377\0006\000.\0003\000.\0003\000.\0001\0002\000\040\000z\000u\000z\000y\000c\000i\000e\000E\000n\000e\000r\000g\000i\000i\000\050\000\051}{subsection.6.3.3}% 52
\BOOKMARK [2][-]{subsection.6.3.4}{\376\377\0006\000.\0003\000.\0004\000\040\000D\000o\000k\000u\000m\000e\000n\000t\000a\000c\000j\000a\000\040\000a\000t\000r\000y\000b\000u\000t\000\363\000w\000\040\000s\000k\001\102\000a\000d\000o\000w\000y\000c\000h}{section.6.3}% 53
\BOOKMARK [3][-]{subsubsection.6.3.4.1}{\376\377\0006\000.\0003\000.\0004\000.\0001\000\040\000c\000z\000a\000s\000O\000d\000R\000o\000z\000m\000n\000a\000z\000a\000n\000i\000a}{subsection.6.3.4}% 54
\BOOKMARK [3][-]{subsubsection.6.3.4.2}{\376\377\0006\000.\0003\000.\0004\000.\0002\000\040\000g\000e\000n\000y}{subsection.6.3.4}% 55
\BOOKMARK [3][-]{subsubsection.6.3.4.3}{\376\377\0006\000.\0003\000.\0004\000.\0003\000\040\000g\000l\000o\000b\000a\000l\000n\000e\000I\000d}{subsection.6.3.4}% 56
\BOOKMARK [3][-]{subsubsection.6.3.4.4}{\376\377\0006\000.\0003\000.\0004\000.\0004\000\040\000i\000d}{subsection.6.3.4}% 57
\BOOKMARK [3][-]{subsubsection.6.3.4.5}{\376\377\0006\000.\0003\000.\0004\000.\0005\000\040\000p\000o\000z\000i\000o\000m\000G\000l\000o\000d\000u}{subsection.6.3.4}% 58
\BOOKMARK [3][-]{subsubsection.6.3.4.6}{\376\377\0006\000.\0003\000.\0004\000.\0006\000\040\000w\000i\000e\000k}{subsection.6.3.4}% 59
\BOOKMARK [3][-]{subsubsection.6.3.4.7}{\376\377\0006\000.\0003\000.\0004\000.\0007\000\040\000x}{subsection.6.3.4}% 60
\BOOKMARK [3][-]{subsubsection.6.3.4.8}{\376\377\0006\000.\0003\000.\0004\000.\0008\000\040\000y}{subsection.6.3.4}% 61
\BOOKMARK [3][-]{subsubsection.6.3.4.9}{\376\377\0006\000.\0003\000.\0004\000.\0009\000\040\000z\000y\000w\000y}{subsection.6.3.4}% 62
\BOOKMARK [1][-]{section.6.4}{\376\377\0006\000.\0004\000\040\000D\000o\000k\000u\000m\000e\000n\000t\000a\000c\000j\000a\000\040\000i\000n\000t\000e\000r\000f\000e\000j\000s\000u\000\040\000p\000r\000o\000j\000.\000s\000e\000l\000e\000k\000c\000j\000a\000n\000a\000t\000u\000r\000.\000G\000e\000n}{chapter.6}% 63
\BOOKMARK [2][-]{subsection.6.4.1}{\376\377\0006\000.\0004\000.\0001\000\040\000O\000p\000i\000s\000\040\000s\000z\000c\000z\000e\000g\000\363\001\102\000o\000w\000y}{section.6.4}% 64
\BOOKMARK [2][-]{subsection.6.4.2}{\376\377\0006\000.\0004\000.\0002\000\040\000D\000o\000k\000u\000m\000e\000n\000t\000a\000c\000j\000a\000\040\000f\000u\000n\000k\000c\000j\000i\000\040\000s\000k\001\102\000a\000d\000o\000w\000y\000c\000h}{section.6.4}% 65
\BOOKMARK [3][-]{subsubsection.6.4.2.1}{\376\377\0006\000.\0004\000.\0002\000.\0001\000\040\000o\000d\000z\000i\000e\000d\000z\000i\000c\000z\000\050\000\051}{subsection.6.4.2}% 66
\BOOKMARK [3][-]{subsubsection.6.4.2.2}{\376\377\0006\000.\0004\000.\0002\000.\0002\000\040\000w\000a\000r\000t\000o\000s\000c\000\050\000\051}{subsection.6.4.2}% 67
\BOOKMARK [1][-]{section.6.5}{\376\377\0006\000.\0005\000\040\000D\000o\000k\000u\000m\000e\000n\000t\000a\000c\000j\000a\000\040\000k\000l\000a\000s\000y\000\040\000p\000r\000o\000j\000.\000s\000e\000l\000e\000k\000c\000j\000a\000n\000a\000t\000u\000r\000.\000G\000e\000n\000P\000r\000e\000d\000k\000o\000s\000c\000C\000h\000o\000d\000z\000e\000n\000i\000a}{chapter.6}% 68
\BOOKMARK [2][-]{subsection.6.5.1}{\376\377\0006\000.\0005\000.\0001\000\040\000O\000p\000i\000s\000\040\000s\000z\000c\000z\000e\000g\000\363\001\102\000o\000w\000y}{section.6.5}% 69
\BOOKMARK [2][-]{subsection.6.5.2}{\376\377\0006\000.\0005\000.\0002\000\040\000D\000o\000k\000u\000m\000e\000n\000t\000a\000c\000j\000a\000\040\000k\000o\000n\000s\000t\000r\000u\000k\000t\000o\000r\000a\000\040\000i\000\040\000d\000e\000s\000t\000r\000u\000k\000t\000o\000r\000a}{section.6.5}% 70
\BOOKMARK [3][-]{subsubsection.6.5.2.1}{\376\377\0006\000.\0005\000.\0002\000.\0001\000\040\000G\000e\000n\000P\000r\000e\000d\000k\000o\000s\000c\000C\000h\000o\000d\000z\000e\000n\000i\000a\000\050\000\051\000\040\000[\0001\000/\0002\000]}{subsection.6.5.2}% 71
\BOOKMARK [3][-]{subsubsection.6.5.2.2}{\376\377\0006\000.\0005\000.\0002\000.\0002\000\040\000G\000e\000n\000P\000r\000e\000d\000k\000o\000s\000c\000C\000h\000o\000d\000z\000e\000n\000i\000a\000\050\000\051\000\040\000[\0002\000/\0002\000]}{subsection.6.5.2}% 72
\BOOKMARK [2][-]{subsection.6.5.3}{\376\377\0006\000.\0005\000.\0003\000\040\000D\000o\000k\000u\000m\000e\000n\000t\000a\000c\000j\000a\000\040\000f\000u\000n\000k\000c\000j\000i\000\040\000s\000k\001\102\000a\000d\000o\000w\000y\000c\000h}{section.6.5}% 73
\BOOKMARK [3][-]{subsubsection.6.5.3.1}{\376\377\0006\000.\0005\000.\0003\000.\0001\000\040\000o\000d\000z\000i\000e\000d\000z\000i\000c\000z\000\050\000\051}{subsection.6.5.3}% 74
\BOOKMARK [3][-]{subsubsection.6.5.3.2}{\376\377\0006\000.\0005\000.\0003\000.\0002\000\040\000w\000a\000r\000t\000o\000s\000c\000\050\000\051}{subsection.6.5.3}% 75
\BOOKMARK [2][-]{subsection.6.5.4}{\376\377\0006\000.\0005\000.\0004\000\040\000D\000o\000k\000u\000m\000e\000n\000t\000a\000c\000j\000a\000\040\000a\000t\000r\000y\000b\000u\000t\000\363\000w\000\040\000s\000k\001\102\000a\000d\000o\000w\000y\000c\000h}{section.6.5}% 76
\BOOKMARK [3][-]{subsubsection.6.5.4.1}{\376\377\0006\000.\0005\000.\0004\000.\0001\000\040\000w\000a\000r\000t\000o\000s\000c}{subsection.6.5.4}% 77
\BOOKMARK [1][-]{section.6.6}{\376\377\0006\000.\0006\000\040\000D\000o\000k\000u\000m\000e\000n\000t\000a\000c\000j\000a\000\040\000k\000l\000a\000s\000y\000\040\000p\000r\000o\000j\000.\000s\000e\000l\000e\000k\000c\000j\000a\000n\000a\000t\000u\000r\000.\000G\000e\000n\000W\000z\000r\000o\000k}{chapter.6}% 78
\BOOKMARK [2][-]{subsection.6.6.1}{\376\377\0006\000.\0006\000.\0001\000\040\000O\000p\000i\000s\000\040\000s\000z\000c\000z\000e\000g\000\363\001\102\000o\000w\000y}{section.6.6}% 79
\BOOKMARK [2][-]{subsection.6.6.2}{\376\377\0006\000.\0006\000.\0002\000\040\000D\000o\000k\000u\000m\000e\000n\000t\000a\000c\000j\000a\000\040\000k\000o\000n\000s\000t\000r\000u\000k\000t\000o\000r\000a\000\040\000i\000\040\000d\000e\000s\000t\000r\000u\000k\000t\000o\000r\000a}{section.6.6}% 80
\BOOKMARK [3][-]{subsubsection.6.6.2.1}{\376\377\0006\000.\0006\000.\0002\000.\0001\000\040\000G\000e\000n\000W\000z\000r\000o\000k\000\050\000\051\000\040\000[\0001\000/\0002\000]}{subsection.6.6.2}% 81
\BOOKMARK [3][-]{subsubsection.6.6.2.2}{\376\377\0006\000.\0006\000.\0002\000.\0002\000\040\000G\000e\000n\000W\000z\000r\000o\000k\000\050\000\051\000\040\000[\0002\000/\0002\000]}{subsection.6.6.2}% 82
\BOOKMARK [2][-]{subsection.6.6.3}{\376\377\0006\000.\0006\000.\0003\000\040\000D\000o\000k\000u\000m\000e\000n\000t\000a\000c\000j\000a\000\040\000f\000u\000n\000k\000c\000j\000i\000\040\000s\000k\001\102\000a\000d\000o\000w\000y\000c\000h}{section.6.6}% 83
\BOOKMARK [3][-]{subsubsection.6.6.3.1}{\376\377\0006\000.\0006\000.\0003\000.\0001\000\040\000o\000d\000z\000i\000e\000d\000z\000i\000c\000z\000\050\000\051}{subsection.6.6.3}% 84
\BOOKMARK [3][-]{subsubsection.6.6.3.2}{\376\377\0006\000.\0006\000.\0003\000.\0002\000\040\000w\000a\000r\000t\000o\000s\000c\000\050\000\051}{subsection.6.6.3}% 85
\BOOKMARK [2][-]{subsection.6.6.4}{\376\377\0006\000.\0006\000.\0004\000\040\000D\000o\000k\000u\000m\000e\000n\000t\000a\000c\000j\000a\000\040\000a\000t\000r\000y\000b\000u\000t\000\363\000w\000\040\000s\000k\001\102\000a\000d\000o\000w\000y\000c\000h}{section.6.6}% 86
\BOOKMARK [3][-]{subsubsection.6.6.4.1}{\376\377\0006\000.\0006\000.\0004\000.\0001\000\040\000w\000a\000r\000t\000o\000s\000c}{subsection.6.6.4}% 87
\BOOKMARK [1][-]{section.6.7}{\376\377\0006\000.\0007\000\040\000D\000o\000k\000u\000m\000e\000n\000t\000a\000c\000j\000a\000\040\000k\000l\000a\000s\000y\000\040\000p\000r\000o\000j\000.\000s\000e\000l\000e\000k\000c\000j\000a\000n\000a\000t\000u\000r\000.\000G\000e\000n\000Z\000a\000p\000o\000t\000r\000z\000e\000b\000o\000w\000a\000n\000i\000e\000E\000n\000e\000r\000g\000e\000t\000y\000c\000z\000n\000e}{chapter.6}% 88
\BOOKMARK [2][-]{subsection.6.7.1}{\376\377\0006\000.\0007\000.\0001\000\040\000O\000p\000i\000s\000\040\000s\000z\000c\000z\000e\000g\000\363\001\102\000o\000w\000y}{section.6.7}% 89
\BOOKMARK [2][-]{subsection.6.7.2}{\376\377\0006\000.\0007\000.\0002\000\040\000D\000o\000k\000u\000m\000e\000n\000t\000a\000c\000j\000a\000\040\000k\000o\000n\000s\000t\000r\000u\000k\000t\000o\000r\000a\000\040\000i\000\040\000d\000e\000s\000t\000r\000u\000k\000t\000o\000r\000a}{section.6.7}% 90
\BOOKMARK [3][-]{subsubsection.6.7.2.1}{\376\377\0006\000.\0007\000.\0002\000.\0001\000\040\000G\000e\000n\000Z\000a\000p\000o\000t\000r\000z\000e\000b\000o\000w\000a\000n\000i\000e\000E\000n\000e\000r\000g\000e\000t\000y\000c\000z\000n\000e\000\050\000\051\000\040\000[\0001\000/\0002\000]}{subsection.6.7.2}% 91
\BOOKMARK [3][-]{subsubsection.6.7.2.2}{\376\377\0006\000.\0007\000.\0002\000.\0002\000\040\000G\000e\000n\000Z\000a\000p\000o\000t\000r\000z\000e\000b\000o\000w\000a\000n\000i\000e\000E\000n\000e\000r\000g\000e\000t\000y\000c\000z\000n\000e\000\050\000\051\000\040\000[\0002\000/\0002\000]}{subsection.6.7.2}% 92
\BOOKMARK [2][-]{subsection.6.7.3}{\376\377\0006\000.\0007\000.\0003\000\040\000D\000o\000k\000u\000m\000e\000n\000t\000a\000c\000j\000a\000\040\000f\000u\000n\000k\000c\000j\000i\000\040\000s\000k\001\102\000a\000d\000o\000w\000y\000c\000h}{section.6.7}% 93
\BOOKMARK [3][-]{subsubsection.6.7.3.1}{\376\377\0006\000.\0007\000.\0003\000.\0001\000\040\000o\000d\000z\000i\000e\000d\000z\000i\000c\000z\000\050\000\051}{subsection.6.7.3}% 94
\BOOKMARK [3][-]{subsubsection.6.7.3.2}{\376\377\0006\000.\0007\000.\0003\000.\0002\000\040\000w\000a\000r\000t\000o\000s\000c\000\050\000\051}{subsection.6.7.3}% 95
\BOOKMARK [2][-]{subsection.6.7.4}{\376\377\0006\000.\0007\000.\0004\000\040\000D\000o\000k\000u\000m\000e\000n\000t\000a\000c\000j\000a\000\040\000a\000t\000r\000y\000b\000u\000t\000\363\000w\000\040\000s\000k\001\102\000a\000d\000o\000w\000y\000c\000h}{section.6.7}% 96
\BOOKMARK [3][-]{subsubsection.6.7.4.1}{\376\377\0006\000.\0007\000.\0004\000.\0001\000\040\000w\000a\000r\000t\000o\000s\000c}{subsection.6.7.4}% 97
\BOOKMARK [1][-]{section.6.8}{\376\377\0006\000.\0008\000\040\000D\000o\000k\000u\000m\000e\000n\000t\000a\000c\000j\000a\000\040\000i\000n\000t\000e\000r\000f\000e\000j\000s\000u\000\040\000p\000r\000o\000j\000.\000s\000e\000l\000e\000k\000c\000j\000a\000n\000a\000t\000u\000r\000.\000I\000n\000t\000e\000r\000f\000e\000j\000s\000S\000y\000m\000u\000l\000a\000c\000j\000i}{chapter.6}% 98
\BOOKMARK [2][-]{subsection.6.8.1}{\376\377\0006\000.\0008\000.\0001\000\040\000O\000p\000i\000s\000\040\000s\000z\000c\000z\000e\000g\000\363\001\102\000o\000w\000y}{section.6.8}% 99
\BOOKMARK [2][-]{subsection.6.8.2}{\376\377\0006\000.\0008\000.\0002\000\040\000D\000o\000k\000u\000m\000e\000n\000t\000a\000c\000j\000a\000\040\000f\000u\000n\000k\000c\000j\000i\000\040\000s\000k\001\102\000a\000d\000o\000w\000y\000c\000h}{section.6.8}% 100
\BOOKMARK [3][-]{subsubsection.6.8.2.1}{\376\377\0006\000.\0008\000.\0002\000.\0001\000\040\000a\000k\000t\000u\000a\000l\000i\000z\000u\000j\000\050\000\051}{subsection.6.8.2}% 101
\BOOKMARK [3][-]{subsubsection.6.8.2.2}{\376\377\0006\000.\0008\000.\0002\000.\0002\000\040\000c\000z\000y\000S\000y\000m\000u\000l\000a\000c\000j\000a\000Z\000a\000k\000o\000n\000c\000z\000e\000n\000a\000\050\000\051}{subsection.6.8.2}% 102
\BOOKMARK [3][-]{subsubsection.6.8.2.3}{\376\377\0006\000.\0008\000.\0002\000.\0003\000\040\000c\000z\000y\000S\000y\000m\000u\000l\000a\000c\000j\000a\000Z\000a\000k\000o\000n\000c\000z\000o\000n\000a\000\050\000\051}{subsection.6.8.2}% 103
\BOOKMARK [3][-]{subsubsection.6.8.2.4}{\376\377\0006\000.\0008\000.\0002\000.\0004\000\040\000g\000e\000t\000J\000e\000d\000z\000e\000n\000i\000e\000\050\000\051}{subsection.6.8.2}% 104
\BOOKMARK [3][-]{subsubsection.6.8.2.5}{\376\377\0006\000.\0008\000.\0002\000.\0005\000\040\000g\000e\000t\000L\000u\000d\000z\000i\000e\000\050\000\051}{subsection.6.8.2}% 105
\BOOKMARK [1][-]{section.6.9}{\376\377\0006\000.\0009\000\040\000D\000o\000k\000u\000m\000e\000n\000t\000a\000c\000j\000a\000\040\000k\000l\000a\000s\000y\000\040\000p\000r\000o\000j\000.\000s\000e\000l\000e\000k\000c\000j\000a\000n\000a\000t\000u\000r\000.\000J\000e\000d\000z\000e\000n\000i\000e}{chapter.6}% 106
\BOOKMARK [2][-]{subsection.6.9.1}{\376\377\0006\000.\0009\000.\0001\000\040\000O\000p\000i\000s\000\040\000s\000z\000c\000z\000e\000g\000\363\001\102\000o\000w\000y}{section.6.9}% 107
\BOOKMARK [2][-]{subsection.6.9.2}{\376\377\0006\000.\0009\000.\0002\000\040\000D\000o\000k\000u\000m\000e\000n\000t\000a\000c\000j\000a\000\040\000k\000o\000n\000s\000t\000r\000u\000k\000t\000o\000r\000a\000\040\000i\000\040\000d\000e\000s\000t\000r\000u\000k\000t\000o\000r\000a}{section.6.9}% 108
\BOOKMARK [3][-]{subsubsection.6.9.2.1}{\376\377\0006\000.\0009\000.\0002\000.\0001\000\040\000J\000e\000d\000z\000e\000n\000i\000e\000\050\000\051}{subsection.6.9.2}% 109
\BOOKMARK [2][-]{subsection.6.9.3}{\376\377\0006\000.\0009\000.\0003\000\040\000D\000o\000k\000u\000m\000e\000n\000t\000a\000c\000j\000a\000\040\000a\000t\000r\000y\000b\000u\000t\000\363\000w\000\040\000s\000k\001\102\000a\000d\000o\000w\000y\000c\000h}{section.6.9}% 110
\BOOKMARK [3][-]{subsubsection.6.9.3.1}{\376\377\0006\000.\0009\000.\0003\000.\0001\000\040\000w\000a\000r\000t\000o\000s\000c}{subsection.6.9.3}% 111
\BOOKMARK [3][-]{subsubsection.6.9.3.2}{\376\377\0006\000.\0009\000.\0003\000.\0002\000\040\000x}{subsection.6.9.3}% 112
\BOOKMARK [3][-]{subsubsection.6.9.3.3}{\376\377\0006\000.\0009\000.\0003\000.\0003\000\040\000y}{subsection.6.9.3}% 113
\BOOKMARK [1][-]{section.6.10}{\376\377\0006\000.\0001\0000\000\040\000D\000o\000k\000u\000m\000e\000n\000t\000a\000c\000j\000a\000\040\000k\000l\000a\000s\000y\000\040\000p\000r\000o\000j\000.\000s\000e\000l\000e\000k\000c\000j\000a\000n\000a\000t\000u\000r\000.\000K\000o\000b\000i\000e\000t\000a}{chapter.6}% 114
\BOOKMARK [2][-]{subsection.6.10.1}{\376\377\0006\000.\0001\0000\000.\0001\000\040\000O\000p\000i\000s\000\040\000s\000z\000c\000z\000e\000g\000\363\001\102\000o\000w\000y}{section.6.10}% 115
\BOOKMARK [2][-]{subsection.6.10.2}{\376\377\0006\000.\0001\0000\000.\0002\000\040\000D\000o\000k\000u\000m\000e\000n\000t\000a\000c\000j\000a\000\040\000k\000o\000n\000s\000t\000r\000u\000k\000t\000o\000r\000a\000\040\000i\000\040\000d\000e\000s\000t\000r\000u\000k\000t\000o\000r\000a}{section.6.10}% 116
\BOOKMARK [3][-]{subsubsection.6.10.2.1}{\376\377\0006\000.\0001\0000\000.\0002\000.\0001\000\040\000K\000o\000b\000i\000e\000t\000a\000\050\000\051}{subsection.6.10.2}% 117
\BOOKMARK [2][-]{subsection.6.10.3}{\376\377\0006\000.\0001\0000\000.\0003\000\040\000D\000o\000k\000u\000m\000e\000n\000t\000a\000c\000j\000a\000\040\000f\000u\000n\000k\000c\000j\000i\000\040\000s\000k\001\102\000a\000d\000o\000w\000y\000c\000h}{section.6.10}% 118
\BOOKMARK [3][-]{subsubsection.6.10.3.1}{\376\377\0006\000.\0001\0000\000.\0003\000.\0001\000\040\000c\000z\000y\000M\000e\000z\000c\000z\000y\000z\000n\000a\000\050\000\051}{subsection.6.10.3}% 119
\BOOKMARK [3][-]{subsubsection.6.10.3.2}{\376\377\0006\000.\0001\0000\000.\0003\000.\0002\000\040\000m\000o\000z\000e\000R\000o\000z\000m\000n\000a\000z\000a\000c\000\050\000\051}{subsection.6.10.3}% 120
\BOOKMARK [1][-]{section.6.11}{\376\377\0006\000.\0001\0001\000\040\000D\000o\000k\000u\000m\000e\000n\000t\000a\000c\000j\000a\000\040\000k\000l\000a\000s\000y\000\040\000p\000r\000o\000j\000.\000s\000e\000l\000e\000k\000c\000j\000a\000n\000a\000t\000u\000r\000.\000M\000e\000z\000c\000z\000y\000z\000n\000a}{chapter.6}% 121
\BOOKMARK [2][-]{subsection.6.11.1}{\376\377\0006\000.\0001\0001\000.\0001\000\040\000O\000p\000i\000s\000\040\000s\000z\000c\000z\000e\000g\000\363\001\102\000o\000w\000y}{section.6.11}% 122
\BOOKMARK [2][-]{subsection.6.11.2}{\376\377\0006\000.\0001\0001\000.\0002\000\040\000D\000o\000k\000u\000m\000e\000n\000t\000a\000c\000j\000a\000\040\000k\000o\000n\000s\000t\000r\000u\000k\000t\000o\000r\000a\000\040\000i\000\040\000d\000e\000s\000t\000r\000u\000k\000t\000o\000r\000a}{section.6.11}% 123
\BOOKMARK [3][-]{subsubsection.6.11.2.1}{\376\377\0006\000.\0001\0001\000.\0002\000.\0001\000\040\000M\000e\000z\000c\000z\000y\000z\000n\000a\000\050\000\051}{subsection.6.11.2}% 124
\BOOKMARK [2][-]{subsection.6.11.3}{\376\377\0006\000.\0001\0001\000.\0003\000\040\000D\000o\000k\000u\000m\000e\000n\000t\000a\000c\000j\000a\000\040\000f\000u\000n\000k\000c\000j\000i\000\040\000s\000k\001\102\000a\000d\000o\000w\000y\000c\000h}{section.6.11}% 125
\BOOKMARK [3][-]{subsubsection.6.11.3.1}{\376\377\0006\000.\0001\0001\000.\0003\000.\0001\000\040\000c\000z\000y\000M\000e\000z\000c\000z\000y\000z\000n\000a\000\050\000\051}{subsection.6.11.3}% 126
\BOOKMARK [3][-]{subsubsection.6.11.3.2}{\376\377\0006\000.\0001\0001\000.\0003\000.\0002\000\040\000m\000o\000z\000e\000R\000o\000z\000m\000n\000a\000z\000a\000c\000\050\000\051}{subsection.6.11.3}% 127
\BOOKMARK [1][-]{section.6.12}{\376\377\0006\000.\0001\0002\000\040\000D\000o\000k\000u\000m\000e\000n\000t\000a\000c\000j\000a\000\040\000k\000l\000a\000s\000y\000\040\000p\000r\000o\000j\000.\000s\000e\000l\000e\000k\000c\000j\000a\000n\000a\000t\000u\000r\000.\000S\000t\000a\000r\000t\000C\000o\000n\000t\000r\000o\000l\000l\000e\000r}{chapter.6}% 128
\BOOKMARK [2][-]{subsection.6.12.1}{\376\377\0006\000.\0001\0002\000.\0001\000\040\000O\000p\000i\000s\000\040\000s\000z\000c\000z\000e\000g\000\363\001\102\000o\000w\000y}{section.6.12}% 129
\BOOKMARK [2][-]{subsection.6.12.2}{\376\377\0006\000.\0001\0002\000.\0002\000\040\000D\000o\000k\000u\000m\000e\000n\000t\000a\000c\000j\000a\000\040\000f\000u\000n\000k\000c\000j\000i\000\040\000s\000k\001\102\000a\000d\000o\000w\000y\000c\000h}{section.6.12}% 130
\BOOKMARK [3][-]{subsubsection.6.12.2.1}{\376\377\0006\000.\0001\0002\000.\0002\000.\0001\000\040\000b\000i\000n\000d\000S\000l\000i\000d\000e\000r\000L\000a\000b\000e\000l\000\050\000\051}{subsection.6.12.2}% 131
\BOOKMARK [3][-]{subsubsection.6.12.2.2}{\376\377\0006\000.\0001\0002\000.\0002\000.\0002\000\040\000i\000n\000i\000t\000i\000a\000l\000i\000z\000e\000\050\000\051}{subsection.6.12.2}% 132
\BOOKMARK [3][-]{subsubsection.6.12.2.3}{\376\377\0006\000.\0001\0002\000.\0002\000.\0003\000\040\000r\000e\000p\000l\000a\000y\000F\000r\000o\000m\000F\000i\000l\000e\000\050\000\051}{subsection.6.12.2}% 133
\BOOKMARK [3][-]{subsubsection.6.12.2.4}{\376\377\0006\000.\0001\0002\000.\0002\000.\0004\000\040\000s\000t\000a\000r\000t\000S\000i\000m\000u\000l\000a\000t\000i\000o\000n\000\050\000\051}{subsection.6.12.2}% 134
\BOOKMARK [2][-]{subsection.6.12.3}{\376\377\0006\000.\0001\0002\000.\0003\000\040\000D\000o\000k\000u\000m\000e\000n\000t\000a\000c\000j\000a\000\040\000a\000t\000r\000y\000b\000u\000t\000\363\000w\000\040\000s\000k\001\102\000a\000d\000o\000w\000y\000c\000h}{section.6.12}% 135
\BOOKMARK [3][-]{subsubsection.6.12.3.1}{\376\377\0006\000.\0001\0002\000.\0003\000.\0001\000\040\000l\000a\000b\000e\000l\000F\000o\000o\000d}{subsection.6.12.3}% 136
\BOOKMARK [3][-]{subsubsection.6.12.3.2}{\376\377\0006\000.\0001\0002\000.\0003\000.\0002\000\040\000l\000a\000b\000e\000l\000F\000o\000o\000d\000P\000e\000r\000T\000i\000c\000k}{subsection.6.12.3}% 137
\BOOKMARK [3][-]{subsubsection.6.12.3.3}{\376\377\0006\000.\0001\0002\000.\0003\000.\0003\000\040\000l\000a\000b\000e\000l\000H\000e\000i\000g\000h\000t}{subsection.6.12.3}% 138
\BOOKMARK [3][-]{subsubsection.6.12.3.4}{\376\377\0006\000.\0001\0002\000.\0003\000.\0004\000\040\000l\000a\000b\000e\000l\000P\000e\000o\000p\000l\000e}{subsection.6.12.3}% 139
\BOOKMARK [3][-]{subsubsection.6.12.3.5}{\376\377\0006\000.\0001\0002\000.\0003\000.\0005\000\040\000l\000a\000b\000e\000l\000W\000i\000d\000t\000h}{subsection.6.12.3}% 140
\BOOKMARK [3][-]{subsubsection.6.12.3.6}{\376\377\0006\000.\0001\0002\000.\0003\000.\0006\000\040\000s\000l\000i\000d\000e\000r\000F\000o\000o\000d}{subsection.6.12.3}% 141
\BOOKMARK [3][-]{subsubsection.6.12.3.7}{\376\377\0006\000.\0001\0002\000.\0003\000.\0007\000\040\000s\000l\000i\000d\000e\000r\000F\000o\000o\000d\000P\000e\000r\000T\000i\000c\000k}{subsection.6.12.3}% 142
\BOOKMARK [3][-]{subsubsection.6.12.3.8}{\376\377\0006\000.\0001\0002\000.\0003\000.\0008\000\040\000s\000l\000i\000d\000e\000r\000H\000e\000i\000g\000h\000t}{subsection.6.12.3}% 143
\BOOKMARK [3][-]{subsubsection.6.12.3.9}{\376\377\0006\000.\0001\0002\000.\0003\000.\0009\000\040\000s\000l\000i\000d\000e\000r\000P\000e\000o\000p\000l\000e}{subsection.6.12.3}% 144
\BOOKMARK [3][-]{subsubsection.6.12.3.10}{\376\377\0006\000.\0001\0002\000.\0003\000.\0001\0000\000\040\000s\000l\000i\000d\000e\000r\000W\000i\000d\000t\000h}{subsection.6.12.3}% 145
\BOOKMARK [1][-]{section.6.13}{\376\377\0006\000.\0001\0003\000\040\000D\000o\000k\000u\000m\000e\000n\000t\000a\000c\000j\000a\000\040\000k\000l\000a\000s\000y\000\040\000p\000r\000o\000j\000.\000s\000e\000l\000e\000k\000c\000j\000a\000n\000a\000t\000u\000r\000.\000S\000y\000m\000u\000l\000a\000c\000j\000a}{chapter.6}% 146
\BOOKMARK [2][-]{subsection.6.13.1}{\376\377\0006\000.\0001\0003\000.\0001\000\040\000O\000p\000i\000s\000\040\000s\000z\000c\000z\000e\000g\000\363\001\102\000o\000w\000y}{section.6.13}% 147
\BOOKMARK [2][-]{subsection.6.13.2}{\376\377\0006\000.\0001\0003\000.\0002\000\040\000D\000o\000k\000u\000m\000e\000n\000t\000a\000c\000j\000a\000\040\000k\000o\000n\000s\000t\000r\000u\000k\000t\000o\000r\000a\000\040\000i\000\040\000d\000e\000s\000t\000r\000u\000k\000t\000o\000r\000a}{section.6.13}% 148
\BOOKMARK [3][-]{subsubsection.6.13.2.1}{\376\377\0006\000.\0001\0003\000.\0002\000.\0001\000\040\000S\000y\000m\000u\000l\000a\000c\000j\000a\000\050\000\051}{subsection.6.13.2}% 149
\BOOKMARK [2][-]{subsection.6.13.3}{\376\377\0006\000.\0001\0003\000.\0003\000\040\000D\000o\000k\000u\000m\000e\000n\000t\000a\000c\000j\000a\000\040\000f\000u\000n\000k\000c\000j\000i\000\040\000s\000k\001\102\000a\000d\000o\000w\000y\000c\000h}{section.6.13}% 150
\BOOKMARK [3][-]{subsubsection.6.13.3.1}{\376\377\0006\000.\0001\0003\000.\0003\000.\0001\000\040\000a\000k\000t\000u\000a\000l\000i\000z\000u\000j\000\050\000\051}{subsection.6.13.3}% 151
\BOOKMARK [3][-]{subsubsection.6.13.3.2}{\376\377\0006\000.\0001\0003\000.\0003\000.\0002\000\040\000a\000k\000t\000u\000a\000l\000i\000z\000u\000j\000S\000t\000a\000n\000\050\000\051}{subsection.6.13.3}% 152
\BOOKMARK [3][-]{subsubsection.6.13.3.3}{\376\377\0006\000.\0001\0003\000.\0003\000.\0003\000\040\000c\000z\000y\000S\000y\000m\000u\000l\000a\000c\000j\000a\000Z\000a\000k\000o\000n\000c\000z\000e\000n\000a\000\050\000\051}{subsection.6.13.3}% 153
\BOOKMARK [3][-]{subsubsection.6.13.3.4}{\376\377\0006\000.\0001\0003\000.\0003\000.\0004\000\040\000d\000o\000d\000a\000j\000D\000o\000D\000z\000i\000e\000n\000n\000i\000k\000a\000\050\000\051}{subsection.6.13.3}% 154
\BOOKMARK [3][-]{subsubsection.6.13.3.5}{\376\377\0006\000.\0001\0003\000.\0003\000.\0005\000\040\000d\000o\000d\000a\000j\000L\000o\000s\000o\000w\000e\000J\000e\000d\000z\000e\000n\000i\000e\000\050\000\051}{subsection.6.13.3}% 155
\BOOKMARK [3][-]{subsubsection.6.13.3.6}{\376\377\0006\000.\0001\0003\000.\0003\000.\0006\000\040\000d\000o\000d\000a\000j\000L\000o\000s\000o\000w\000y\000c\000h\000L\000u\000d\000z\000i\000\050\000\051}{subsection.6.13.3}% 156
\BOOKMARK [3][-]{subsubsection.6.13.3.7}{\376\377\0006\000.\0001\0003\000.\0003\000.\0007\000\040\000g\000e\000t\000J\000e\000d\000z\000e\000n\000i\000e\000\050\000\051}{subsection.6.13.3}% 157
\BOOKMARK [3][-]{subsubsection.6.13.3.8}{\376\377\0006\000.\0001\0003\000.\0003\000.\0008\000\040\000g\000e\000t\000L\000u\000d\000z\000i\000e\000\050\000\051}{subsection.6.13.3}% 158
\BOOKMARK [3][-]{subsubsection.6.13.3.9}{\376\377\0006\000.\0001\0003\000.\0003\000.\0009\000\040\000p\000r\000z\000e\000m\000i\000e\000s\000c\000S\000i\000e\000N\000a\000P\000o\000l\000e\000\050\000\051}{subsection.6.13.3}% 159
\BOOKMARK [3][-]{subsubsection.6.13.3.10}{\376\377\0006\000.\0001\0003\000.\0003\000.\0001\0000\000\040\000u\000s\000t\000a\000w\000P\000a\000r\000a\000m\000e\000t\000r\000y\000\050\000\051}{subsection.6.13.3}% 160
\BOOKMARK [3][-]{subsubsection.6.13.3.11}{\376\377\0006\000.\0001\0003\000.\0003\000.\0001\0001\000\040\000w\000y\000k\000o\000n\000a\000j\000R\000u\000c\000h\000\050\000\051}{subsection.6.13.3}% 161
\BOOKMARK [3][-]{subsubsection.6.13.3.12}{\376\377\0006\000.\0001\0003\000.\0003\000.\0001\0002\000\040\000z\000a\000p\000i\000s\000z\000D\000z\000i\000e\000n\000n\000i\000k\000D\000o\000P\000l\000i\000k\000u\000\050\000\051}{subsection.6.13.3}% 162
\BOOKMARK [3][-]{subsubsection.6.13.3.13}{\376\377\0006\000.\0001\0003\000.\0003\000.\0001\0003\000\040\000z\000n\000a\000j\000d\000z\000J\000e\000d\000z\000e\000n\000i\000e\000N\000a\000P\000o\000l\000u\000\050\000\051}{subsection.6.13.3}% 163
\BOOKMARK [3][-]{subsubsection.6.13.3.14}{\376\377\0006\000.\0001\0003\000.\0003\000.\0001\0004\000\040\000z\000n\000a\000j\000d\000z\000N\000a\000j\000b\000l\000i\000z\000s\000z\000e\000J\000e\000d\000z\000e\000n\000i\000e\000\050\000\051}{subsection.6.13.3}% 164
\BOOKMARK [3][-]{subsubsection.6.13.3.15}{\376\377\0006\000.\0001\0003\000.\0003\000.\0001\0005\000\040\000z\000n\000a\000j\000d\000z\000P\000a\000r\000t\000n\000e\000r\000a\000\050\000\051}{subsection.6.13.3}% 165
\BOOKMARK [2][-]{subsection.6.13.4}{\376\377\0006\000.\0001\0003\000.\0004\000\040\000D\000o\000k\000u\000m\000e\000n\000t\000a\000c\000j\000a\000\040\000a\000t\000r\000y\000b\000u\000t\000\363\000w\000\040\000s\000k\001\102\000a\000d\000o\000w\000y\000c\000h}{section.6.13}% 166
\BOOKMARK [3][-]{subsubsection.6.13.4.1}{\376\377\0006\000.\0001\0003\000.\0004\000.\0001\000\040\000d\000z\000i\000e\000n\000n\000i\000k\000Z\000d\000a\000r\000z\000e\000n}{subsection.6.13.4}% 167
\BOOKMARK [3][-]{subsubsection.6.13.4.2}{\376\377\0006\000.\0001\0003\000.\0004\000.\0002\000\040\000j\000e\000d\000z\000e\000n\000i\000e}{subsection.6.13.4}% 168
\BOOKMARK [3][-]{subsubsection.6.13.4.3}{\376\377\0006\000.\0001\0003\000.\0004\000.\0003\000\040\000j\000e\000d\000z\000e\000n\000i\000e\000N\000a\000T\000i\000c\000k}{subsection.6.13.4}% 169
\BOOKMARK [3][-]{subsubsection.6.13.4.4}{\376\377\0006\000.\0001\0003\000.\0004\000.\0004\000\040\000K\000I\000E\000R\000U\000N\000K\000I}{subsection.6.13.4}% 170
\BOOKMARK [3][-]{subsubsection.6.13.4.5}{\376\377\0006\000.\0001\0003\000.\0004\000.\0005\000\040\000k\000o\000l\000u\000m\000n\000y}{subsection.6.13.4}% 171
\BOOKMARK [3][-]{subsubsection.6.13.4.6}{\376\377\0006\000.\0001\0003\000.\0004\000.\0006\000\040\000l\000i\000c\000z\000b\000a\000L\000u\000d\000z\000i}{subsection.6.13.4}% 172
\BOOKMARK [3][-]{subsubsection.6.13.4.7}{\376\377\0006\000.\0001\0003\000.\0004\000.\0007\000\040\000l\000i\000c\000z\000n\000i\000k\000D\000o\000d\000a\000w\000a\000n\000i\000a\000J\000e\000d\000z\000e\000n\000i\000a}{subsection.6.13.4}% 173
\BOOKMARK [3][-]{subsubsection.6.13.4.8}{\376\377\0006\000.\0001\0003\000.\0004\000.\0008\000\040\000l\000i\000c\000z\000n\000i\000k\000K\000l\000a\000t\000e\000k}{subsection.6.13.4}% 174
\BOOKMARK [3][-]{subsubsection.6.13.4.9}{\376\377\0006\000.\0001\0003\000.\0004\000.\0009\000\040\000l\000u\000d\000z\000i\000e}{subsection.6.13.4}% 175
\BOOKMARK [3][-]{subsubsection.6.13.4.10}{\376\377\0006\000.\0001\0003\000.\0004\000.\0001\0000\000\040\000p\000o\000c\000z\000a\000t\000k\000o\000w\000e\000J\000e\000d\000z\000e\000n\000i\000e}{subsection.6.13.4}% 176
\BOOKMARK [3][-]{subsubsection.6.13.4.11}{\376\377\0006\000.\0001\0003\000.\0004\000.\0001\0001\000\040\000s\000z\000e\000r\000o\000k\000o\000s\000c}{subsection.6.13.4}% 177
\BOOKMARK [3][-]{subsubsection.6.13.4.12}{\376\377\0006\000.\0001\0003\000.\0004\000.\0001\0002\000\040\000w\000i\000e\000r\000s\000z\000e}{subsection.6.13.4}% 178
\BOOKMARK [3][-]{subsubsection.6.13.4.13}{\376\377\0006\000.\0001\0003\000.\0004\000.\0001\0003\000\040\000w\000y\000s\000o\000k\000o\000s\000c}{subsection.6.13.4}% 179
\BOOKMARK [3][-]{subsubsection.6.13.4.14}{\376\377\0006\000.\0001\0003\000.\0004\000.\0001\0004\000\040\000z\000a\000j\000e\000t\000e}{subsection.6.13.4}% 180
\BOOKMARK [1][-]{section.6.14}{\376\377\0006\000.\0001\0004\000\040\000D\000o\000k\000u\000m\000e\000n\000t\000a\000c\000j\000a\000\040\000k\000l\000a\000s\000y\000\040\000p\000r\000o\000j\000.\000s\000e\000l\000e\000k\000c\000j\000a\000n\000a\000t\000u\000r\000.\000S\000y\000m\000u\000l\000a\000c\000j\000a\000P\000l\000i\000k}{chapter.6}% 181
\BOOKMARK [2][-]{subsection.6.14.1}{\376\377\0006\000.\0001\0004\000.\0001\000\040\000O\000p\000i\000s\000\040\000s\000z\000c\000z\000e\000g\000\363\001\102\000o\000w\000y}{section.6.14}% 182
\BOOKMARK [2][-]{subsection.6.14.2}{\376\377\0006\000.\0001\0004\000.\0002\000\040\000D\000o\000k\000u\000m\000e\000n\000t\000a\000c\000j\000a\000\040\000k\000o\000n\000s\000t\000r\000u\000k\000t\000o\000r\000a\000\040\000i\000\040\000d\000e\000s\000t\000r\000u\000k\000t\000o\000r\000a}{section.6.14}% 183
\BOOKMARK [3][-]{subsubsection.6.14.2.1}{\376\377\0006\000.\0001\0004\000.\0002\000.\0001\000\040\000S\000y\000m\000u\000l\000a\000c\000j\000a\000P\000l\000i\000k\000\050\000\051}{subsection.6.14.2}% 184
\BOOKMARK [2][-]{subsection.6.14.3}{\376\377\0006\000.\0001\0004\000.\0003\000\040\000D\000o\000k\000u\000m\000e\000n\000t\000a\000c\000j\000a\000\040\000f\000u\000n\000k\000c\000j\000i\000\040\000s\000k\001\102\000a\000d\000o\000w\000y\000c\000h}{section.6.14}% 185
\BOOKMARK [3][-]{subsubsection.6.14.3.1}{\376\377\0006\000.\0001\0004\000.\0003\000.\0001\000\040\000a\000k\000t\000u\000a\000l\000i\000z\000u\000j\000\050\000\051}{subsection.6.14.3}% 186
\BOOKMARK [3][-]{subsubsection.6.14.3.2}{\376\377\0006\000.\0001\0004\000.\0003\000.\0002\000\040\000c\000z\000y\000S\000y\000m\000u\000l\000a\000c\000j\000a\000Z\000a\000k\000o\000n\000c\000z\000o\000n\000a\000\050\000\051}{subsection.6.14.3}% 187
\BOOKMARK [3][-]{subsubsection.6.14.3.3}{\376\377\0006\000.\0001\0004\000.\0003\000.\0003\000\040\000d\000o\000d\000a\000j\000C\000z\000l\000o\000w\000i\000e\000k\000a\000\050\000\051\000\040\000[\0001\000/\0002\000]}{subsection.6.14.3}% 188
\BOOKMARK [3][-]{subsubsection.6.14.3.4}{\376\377\0006\000.\0001\0004\000.\0003\000.\0004\000\040\000d\000o\000d\000a\000j\000C\000z\000l\000o\000w\000i\000e\000k\000a\000\050\000\051\000\040\000[\0002\000/\0002\000]}{subsection.6.14.3}% 189
\BOOKMARK [3][-]{subsubsection.6.14.3.5}{\376\377\0006\000.\0001\0004\000.\0003\000.\0005\000\040\000g\000e\000t\000J\000e\000d\000z\000e\000n\000i\000e\000\050\000\051}{subsection.6.14.3}% 190
\BOOKMARK [3][-]{subsubsection.6.14.3.6}{\376\377\0006\000.\0001\0004\000.\0003\000.\0006\000\040\000g\000e\000t\000L\000u\000d\000z\000i\000e\000\050\000\051}{subsection.6.14.3}% 191
\BOOKMARK [3][-]{subsubsection.6.14.3.7}{\376\377\0006\000.\0001\0004\000.\0003\000.\0007\000\040\000p\000r\000z\000e\000m\000i\000e\000s\000c\000C\000z\000l\000o\000w\000i\000e\000k\000a\000\050\000\051}{subsection.6.14.3}% 192
\BOOKMARK [3][-]{subsubsection.6.14.3.8}{\376\377\0006\000.\0001\0004\000.\0003\000.\0008\000\040\000u\000s\000u\000n\000C\000z\000l\000o\000w\000i\000e\000k\000a\000\050\000\051}{subsection.6.14.3}% 193
\BOOKMARK [3][-]{subsubsection.6.14.3.9}{\376\377\0006\000.\0001\0004\000.\0003\000.\0009\000\040\000u\000s\000u\000n\000J\000e\000d\000z\000e\000n\000i\000e\000\050\000\051}{subsection.6.14.3}% 194
\BOOKMARK [2][-]{subsection.6.14.4}{\376\377\0006\000.\0001\0004\000.\0004\000\040\000D\000o\000k\000u\000m\000e\000n\000t\000a\000c\000j\000a\000\040\000a\000t\000r\000y\000b\000u\000t\000\363\000w\000\040\000s\000k\001\102\000a\000d\000o\000w\000y\000c\000h}{section.6.14}% 195
\BOOKMARK [3][-]{subsubsection.6.14.4.1}{\376\377\0006\000.\0001\0004\000.\0004\000.\0001\000\040\000i\000n\000d\000e\000x}{subsection.6.14.4}% 196
\BOOKMARK [3][-]{subsubsection.6.14.4.2}{\376\377\0006\000.\0001\0004\000.\0004\000.\0002\000\040\000j\000e\000d\000z\000e\000n\000i\000e}{subsection.6.14.4}% 197
\BOOKMARK [3][-]{subsubsection.6.14.4.3}{\376\377\0006\000.\0001\0004\000.\0004\000.\0003\000\040\000l\000u\000d\000z\000i\000e}{subsection.6.14.4}% 198
\BOOKMARK [3][-]{subsubsection.6.14.4.4}{\376\377\0006\000.\0001\0004\000.\0004\000.\0004\000\040\000z\000d\000a\000r\000z\000e\000n\000i\000a}{subsection.6.14.4}% 199
\BOOKMARK [0][-]{chapter.7}{\376\377\0007\000\040\000D\000o\000k\000u\000m\000e\000n\000t\000a\000c\000j\000a\000\040\000p\000l\000i\000k\000\363\000w}{}% 200
\BOOKMARK [1][-]{section.7.1}{\376\377\0007\000.\0001\000\040\000D\000o\000k\000u\000m\000e\000n\000t\000a\000c\000j\000a\000\040\000p\000l\000i\000k\000u\000\040\000s\000r\000c\000/\000m\000a\000i\000n\000/\000j\000a\000v\000a\000/\000m\000o\000d\000u\000l\000e\000-\000i\000n\000f\000o\000.\000j\000a\000v\000a}{chapter.7}% 201
\BOOKMARK [2][-]{subsection.7.1.1}{\376\377\0007\000.\0001\000.\0001\000\040\000O\000p\000i\000s\000\040\000s\000z\000c\000z\000e\000g\000\363\001\102\000o\000w\000y}{section.7.1}% 202
\BOOKMARK [1][-]{section.7.2}{\376\377\0007\000.\0002\000\040\000D\000o\000k\000u\000m\000e\000n\000t\000a\000c\000j\000a\000\040\000p\000l\000i\000k\000u\000\040\000s\000r\000c\000/\000m\000a\000i\000n\000/\000j\000a\000v\000a\000/\000p\000r\000o\000j\000/\000s\000e\000l\000e\000k\000c\000j\000a\000n\000a\000t\000u\000r\000/\000A\000p\000p\000.\000j\000a\000v\000a}{chapter.7}% 203
\BOOKMARK [2][-]{subsection.7.2.1}{\376\377\0007\000.\0002\000.\0001\000\040\000O\000p\000i\000s\000\040\000s\000z\000c\000z\000e\000g\000\363\001\102\000o\000w\000y}{section.7.2}% 204
\BOOKMARK [1][-]{section.7.3}{\376\377\0007\000.\0003\000\040\000D\000o\000k\000u\000m\000e\000n\000t\000a\000c\000j\000a\000\040\000p\000l\000i\000k\000u\000\040\000s\000r\000c\000/\000m\000a\000i\000n\000/\000j\000a\000v\000a\000/\000p\000r\000o\000j\000/\000s\000e\000l\000e\000k\000c\000j\000a\000n\000a\000t\000u\000r\000/\000A\000p\000p\000C\000o\000n\000t\000r\000o\000l\000l\000e\000r\000.\000j\000a\000v\000a}{chapter.7}% 205
\BOOKMARK [2][-]{subsection.7.3.1}{\376\377\0007\000.\0003\000.\0001\000\040\000O\000p\000i\000s\000\040\000s\000z\000c\000z\000e\000g\000\363\001\102\000o\000w\000y}{section.7.3}% 206
\BOOKMARK [1][-]{section.7.4}{\376\377\0007\000.\0004\000\040\000D\000o\000k\000u\000m\000e\000n\000t\000a\000c\000j\000a\000\040\000p\000l\000i\000k\000u\000\040\000s\000r\000c\000/\000m\000a\000i\000n\000/\000j\000a\000v\000a\000/\000p\000r\000o\000j\000/\000s\000e\000l\000e\000k\000c\000j\000a\000n\000a\000t\000u\000r\000/\000C\000z\000l\000o\000w\000i\000e\000k\000.\000j\000a\000v\000a}{chapter.7}% 207
\BOOKMARK [2][-]{subsection.7.4.1}{\376\377\0007\000.\0004\000.\0001\000\040\000O\000p\000i\000s\000\040\000s\000z\000c\000z\000e\000g\000\363\001\102\000o\000w\000y}{section.7.4}% 208
\BOOKMARK [1][-]{section.7.5}{\376\377\0007\000.\0005\000\040\000D\000o\000k\000u\000m\000e\000n\000t\000a\000c\000j\000a\000\040\000p\000l\000i\000k\000u\000\040\000s\000r\000c\000/\000m\000a\000i\000n\000/\000j\000a\000v\000a\000/\000p\000r\000o\000j\000/\000s\000e\000l\000e\000k\000c\000j\000a\000n\000a\000t\000u\000r\000/\000G\000e\000n\000.\000j\000a\000v\000a}{chapter.7}% 209
\BOOKMARK [2][-]{subsection.7.5.1}{\376\377\0007\000.\0005\000.\0001\000\040\000O\000p\000i\000s\000\040\000s\000z\000c\000z\000e\000g\000\363\001\102\000o\000w\000y}{section.7.5}% 210
\BOOKMARK [1][-]{section.7.6}{\376\377\0007\000.\0006\000\040\000D\000o\000k\000u\000m\000e\000n\000t\000a\000c\000j\000a\000\040\000p\000l\000i\000k\000u\000\040\000s\000r\000c\000/\000m\000a\000i\000n\000/\000j\000a\000v\000a\000/\000p\000r\000o\000j\000/\000s\000e\000l\000e\000k\000c\000j\000a\000n\000a\000t\000u\000r\000/\000G\000e\000n\000P\000r\000e\000d\000k\000o\000s\000c\000C\000h\000o\000d\000z\000e\000n\000i\000a\000.\000j\000a\000v\000a}{chapter.7}% 211
\BOOKMARK [2][-]{subsection.7.6.1}{\376\377\0007\000.\0006\000.\0001\000\040\000O\000p\000i\000s\000\040\000s\000z\000c\000z\000e\000g\000\363\001\102\000o\000w\000y}{section.7.6}% 212
\BOOKMARK [1][-]{section.7.7}{\376\377\0007\000.\0007\000\040\000D\000o\000k\000u\000m\000e\000n\000t\000a\000c\000j\000a\000\040\000p\000l\000i\000k\000u\000\040\000s\000r\000c\000/\000m\000a\000i\000n\000/\000j\000a\000v\000a\000/\000p\000r\000o\000j\000/\000s\000e\000l\000e\000k\000c\000j\000a\000n\000a\000t\000u\000r\000/\000G\000e\000n\000W\000z\000r\000o\000k\000.\000j\000a\000v\000a}{chapter.7}% 213
\BOOKMARK [2][-]{subsection.7.7.1}{\376\377\0007\000.\0007\000.\0001\000\040\000O\000p\000i\000s\000\040\000s\000z\000c\000z\000e\000g\000\363\001\102\000o\000w\000y}{section.7.7}% 214
\BOOKMARK [1][-]{section.7.8}{\376\377\0007\000.\0008\000\040\000D\000o\000k\000u\000m\000e\000n\000t\000a\000c\000j\000a\000\040\000p\000l\000i\000k\000u\000\040\000s\000r\000c\000/\000m\000a\000i\000n\000/\000j\000a\000v\000a\000/\000p\000r\000o\000j\000/\000s\000e\000l\000e\000k\000c\000j\000a\000n\000a\000t\000u\000r\000/\000G\000e\000n\000Z\000a\000p\000o\000t\000r\000z\000e\000b\000o\000w\000a\000n\000i\000e\000E\000n\000e\000r\000g\000e\000t\000y\000c\000z\000n\000e\000.\000j\000a\000v\000a}{chapter.7}% 215
\BOOKMARK [2][-]{subsection.7.8.1}{\376\377\0007\000.\0008\000.\0001\000\040\000O\000p\000i\000s\000\040\000s\000z\000c\000z\000e\000g\000\363\001\102\000o\000w\000y}{section.7.8}% 216
\BOOKMARK [1][-]{section.7.9}{\376\377\0007\000.\0009\000\040\000D\000o\000k\000u\000m\000e\000n\000t\000a\000c\000j\000a\000\040\000p\000l\000i\000k\000u\000\040\000s\000r\000c\000/\000m\000a\000i\000n\000/\000j\000a\000v\000a\000/\000p\000r\000o\000j\000/\000s\000e\000l\000e\000k\000c\000j\000a\000n\000a\000t\000u\000r\000/\000I\000n\000t\000e\000r\000f\000e\000j\000s\000S\000y\000m\000u\000l\000a\000c\000j\000i\000.\000j\000a\000v\000a}{chapter.7}% 217
\BOOKMARK [2][-]{subsection.7.9.1}{\376\377\0007\000.\0009\000.\0001\000\040\000O\000p\000i\000s\000\040\000s\000z\000c\000z\000e\000g\000\363\001\102\000o\000w\000y}{section.7.9}% 218
\BOOKMARK [1][-]{section.7.10}{\376\377\0007\000.\0001\0000\000\040\000D\000o\000k\000u\000m\000e\000n\000t\000a\000c\000j\000a\000\040\000p\000l\000i\000k\000u\000\040\000s\000r\000c\000/\000m\000a\000i\000n\000/\000j\000a\000v\000a\000/\000p\000r\000o\000j\000/\000s\000e\000l\000e\000k\000c\000j\000a\000n\000a\000t\000u\000r\000/\000J\000e\000d\000z\000e\000n\000i\000e\000.\000j\000a\000v\000a}{chapter.7}% 219
\BOOKMARK [2][-]{subsection.7.10.1}{\376\377\0007\000.\0001\0000\000.\0001\000\040\000O\000p\000i\000s\000\040\000s\000z\000c\000z\000e\000g\000\363\001\102\000o\000w\000y}{section.7.10}% 220
\BOOKMARK [1][-]{section.7.11}{\376\377\0007\000.\0001\0001\000\040\000D\000o\000k\000u\000m\000e\000n\000t\000a\000c\000j\000a\000\040\000p\000l\000i\000k\000u\000\040\000s\000r\000c\000/\000m\000a\000i\000n\000/\000j\000a\000v\000a\000/\000p\000r\000o\000j\000/\000s\000e\000l\000e\000k\000c\000j\000a\000n\000a\000t\000u\000r\000/\000K\000o\000b\000i\000e\000t\000a\000.\000j\000a\000v\000a}{chapter.7}% 221
\BOOKMARK [2][-]{subsection.7.11.1}{\376\377\0007\000.\0001\0001\000.\0001\000\040\000O\000p\000i\000s\000\040\000s\000z\000c\000z\000e\000g\000\363\001\102\000o\000w\000y}{section.7.11}% 222
\BOOKMARK [1][-]{section.7.12}{\376\377\0007\000.\0001\0002\000\040\000D\000o\000k\000u\000m\000e\000n\000t\000a\000c\000j\000a\000\040\000p\000l\000i\000k\000u\000\040\000s\000r\000c\000/\000m\000a\000i\000n\000/\000j\000a\000v\000a\000/\000p\000r\000o\000j\000/\000s\000e\000l\000e\000k\000c\000j\000a\000n\000a\000t\000u\000r\000/\000M\000e\000z\000c\000z\000y\000z\000n\000a\000.\000j\000a\000v\000a}{chapter.7}% 223
\BOOKMARK [2][-]{subsection.7.12.1}{\376\377\0007\000.\0001\0002\000.\0001\000\040\000O\000p\000i\000s\000\040\000s\000z\000c\000z\000e\000g\000\363\001\102\000o\000w\000y}{section.7.12}% 224
\BOOKMARK [1][-]{section.7.13}{\376\377\0007\000.\0001\0003\000\040\000D\000o\000k\000u\000m\000e\000n\000t\000a\000c\000j\000a\000\040\000p\000l\000i\000k\000u\000\040\000s\000r\000c\000/\000m\000a\000i\000n\000/\000j\000a\000v\000a\000/\000p\000r\000o\000j\000/\000s\000e\000l\000e\000k\000c\000j\000a\000n\000a\000t\000u\000r\000/\000S\000t\000a\000r\000t\000C\000o\000n\000t\000r\000o\000l\000l\000e\000r\000.\000j\000a\000v\000a}{chapter.7}% 225
\BOOKMARK [2][-]{subsection.7.13.1}{\376\377\0007\000.\0001\0003\000.\0001\000\040\000O\000p\000i\000s\000\040\000s\000z\000c\000z\000e\000g\000\363\001\102\000o\000w\000y}{section.7.13}% 226
\BOOKMARK [1][-]{section.7.14}{\376\377\0007\000.\0001\0004\000\040\000D\000o\000k\000u\000m\000e\000n\000t\000a\000c\000j\000a\000\040\000p\000l\000i\000k\000u\000\040\000s\000r\000c\000/\000m\000a\000i\000n\000/\000j\000a\000v\000a\000/\000p\000r\000o\000j\000/\000s\000e\000l\000e\000k\000c\000j\000a\000n\000a\000t\000u\000r\000/\000S\000y\000m\000u\000l\000a\000c\000j\000a\000.\000j\000a\000v\000a}{chapter.7}% 227
\BOOKMARK [2][-]{subsection.7.14.1}{\376\377\0007\000.\0001\0004\000.\0001\000\040\000O\000p\000i\000s\000\040\000s\000z\000c\000z\000e\000g\000\363\001\102\000o\000w\000y}{section.7.14}% 228
\BOOKMARK [1][-]{section.7.15}{\376\377\0007\000.\0001\0005\000\040\000D\000o\000k\000u\000m\000e\000n\000t\000a\000c\000j\000a\000\040\000p\000l\000i\000k\000u\000\040\000s\000r\000c\000/\000m\000a\000i\000n\000/\000j\000a\000v\000a\000/\000p\000r\000o\000j\000/\000s\000e\000l\000e\000k\000c\000j\000a\000n\000a\000t\000u\000r\000/\000S\000y\000m\000u\000l\000a\000c\000j\000a\000P\000l\000i\000k\000.\000j\000a\000v\000a}{chapter.7}% 229
\BOOKMARK [2][-]{subsection.7.15.1}{\376\377\0007\000.\0001\0005\000.\0001\000\040\000O\000p\000i\000s\000\040\000s\000z\000c\000z\000e\000g\000\363\001\102\000o\000w\000y}{section.7.15}% 230
\BOOKMARK [1][-]{section.7.16}{\376\377\0007\000.\0001\0006\000\040\000D\000o\000k\000u\000m\000e\000n\000t\000a\000c\000j\000a\000\040\000p\000l\000i\000k\000u\000\040\000s\000r\000c\000/\000m\000a\000i\000n\000/\000r\000e\000s\000o\000u\000r\000c\000e\000s\000/\000p\000r\000o\000j\000/\000s\000e\000l\000e\000k\000c\000j\000a\000n\000a\000t\000u\000r\000/\000g\000r\000i\000d\000-\000v\000i\000e\000w\000.\000f\000x\000m\000l}{chapter.7}% 231
\BOOKMARK [1][-]{section.7.17}{\376\377\0007\000.\0001\0007\000\040\000D\000o\000k\000u\000m\000e\000n\000t\000a\000c\000j\000a\000\040\000p\000l\000i\000k\000u\000\040\000s\000r\000c\000/\000m\000a\000i\000n\000/\000r\000e\000s\000o\000u\000r\000c\000e\000s\000/\000p\000r\000o\000j\000/\000s\000e\000l\000e\000k\000c\000j\000a\000n\000a\000t\000u\000r\000/\000s\000t\000a\000r\000t\000-\000v\000i\000e\000w\000.\000f\000x\000m\000l}{chapter.7}% 232
